<?xml version="1.0" encoding="UTF-8"?>
<testsuite xmlns:xsi="http://www.w3.org/2001/XMLSchema-instance" xsi:noNamespaceSchemaLocation="https://maven.apache.org/surefire/maven-surefire-plugin/xsd/surefire-test-report.xsd" version="3.0.2" name="org.example.WhiteBoxUtilsTest" time="0.291" tests="42" errors="0" skipped="0" failures="0">
  <properties>
[...]
</properties>
  <testcase name="testInvalidMonthLower" classname="org.example.WhiteBoxUtilsTest" time="0.079"/>
  <testcase name="testQuadraticInvalid" classname="org.example.WhiteBoxUtilsTest" time="0.001"/>
  <testcase name="testOddPrime" classname="org.example.WhiteBoxUtilsTest" time="0.004"/>
  <testcase name="testFactorialSumInvalid" classname="org.example.WhiteBoxUtilsTest" time="0.001"/>
  <testcase name="testFactorialZero" classname="org.example.WhiteBoxUtilsTest" time="0.003"/>
  <testcase name="testAlternatingSumInvalid" classname="org.example.WhiteBoxUtilsTest" time="0.003"/>
  <testcase name="testGcdBothZero" classname="org.example.WhiteBoxUtilsTest" time="0.003"/>
  <testcase name="testFebruaryNormal" classname="org.example.WhiteBoxUtilsTest" time="0.002"/>
  <testcase name="testRectangleAreaValid" classname="org.example.WhiteBoxUtilsTest" time="0.003"/>
  <testcase name="testGcdFirstNumberZero" classname="org.example.WhiteBoxUtilsTest" time="0.001"/>
  <testcase name="testQuadraticOneRoot" classname="org.example.WhiteBoxUtilsTest" time="0.001"/>
  <testcase name="testFactorialSumOverLimit" classname="org.example.WhiteBoxUtilsTest" time="0.004"/>
  <testcase name="testPrimeLoopFalseBranch" classname="org.example.WhiteBoxUtilsTest" time="0.001"/>
  <testcase name="testFactorialInvalid" classname="org.example.WhiteBoxUtilsTest" time="0.003"/>
  <testcase name="testFactorialSumThree" classname="org.example.WhiteBoxUtilsTest" time="0.001"/>
  <testcase name="testRectanglePerimeterValid" classname="org.example.WhiteBoxUtilsTest" time="0.002"/>
  <testcase name="testGcdZero" classname="org.example.WhiteBoxUtilsTest" time="0.0"/>
  <testcase name="testLeapYearDivisibleBy400" classname="org.example.WhiteBoxUtilsTest" time="0.005"/>
  <testcase name="testAlternatingSumEven" classname="org.example.WhiteBoxUtilsTest" time="0.001"/>
  <testcase name="testQuadraticNoRoot" classname="org.example.WhiteBoxUtilsTest" time="0.001"/>
  <testcase name="testFebruaryLeap" classname="org.example.WhiteBoxUtilsTest" time="0.002"/>
  <testcase name="testRectanglePerimeterInvalidWidth" classname="org.example.WhiteBoxUtilsTest" time="0.003"/>
  <testcase name="testYearDivisibleBy100ButNot400" classname="org.example.WhiteBoxUtilsTest" time="0.001"/>
  <testcase name="testAlternatingSumOdd" classname="org.example.WhiteBoxUtilsTest" time="0.003"/>
  <testcase name="testAlternatingSumOne" classname="org.example.WhiteBoxUtilsTest" time="0.001"/>
  <testcase name="testQuadraticTwoRoots" classname="org.example.WhiteBoxUtilsTest" time="0.003"/>
  <testcase name="testOddNotPrime" classname="org.example.WhiteBoxUtilsTest" time="0.002"/>
  <testcase name="test30Days" classname="org.example.WhiteBoxUtilsTest" time="0.001"/>
  <testcase name="test31Days" classname="org.example.WhiteBoxUtilsTest" time="0.003"/>
  <testcase name="testGcdNormal" classname="org.example.WhiteBoxUtilsTest" time="0.001"/>
  <testcase name="testRectanglePerimeterInvalid" classname="org.example.WhiteBoxUtilsTest" time="0.001"/>
  <testcase name="testPrimeLessThan2" classname="org.example.WhiteBoxUtilsTest" time="0.001"/>
  <testcase name="testInvalidMonth" classname="org.example.WhiteBoxUtilsTest" time="0.001"/>
  <testcase name="testGcdNegative" classname="org.example.WhiteBoxUtilsTest" time="0.001"/>
  <testcase name="testEvenNotPrime" classname="org.example.WhiteBoxUtilsTest" time="0.001"/>
  <testcase name="testPrime2" classname="org.example.WhiteBoxUtilsTest" time="0.003"/>
  <testcase name="testRectangleAreaInvalid" classname="org.example.WhiteBoxUtilsTest" time="0.002"/>
  <testcase name="testRectanglePerimeterZero" classname="org.example.WhiteBoxUtilsTest" time="0.0"/>
  <testcase name="testFactorialNormal" classname="org.example.WhiteBoxUtilsTest" time="0.004"/>
  <testcase name="testRectangleAreaInvalidWidth" classname="org.example.WhiteBoxUtilsTest" time="0.003"/>
  <testcase name="testConstructor" classname="org.example.WhiteBoxUtilsTest" time="0.001"/>
  <testcase name="testFactorialSumOne" classname="org.example.WhiteBoxUtilsTest" time="0.001"/>
</testsuite>